Added Component: Designator=T1(78250MC)
Add component. Clean all parameters for all variants
Add component (AddParameter): Name = "Category"; Value = "Transformers"; VariantName = "[No Variations]"
Add component (AddParameter): Name = "ComponentLink1Description"; Value = "http://www.murata-ps.com/data/magnetics/kmp_78250.pdf"; VariantName = "[No Variations]"
Add component (AddParameter): Name = "ComponentLink1URL"; Value = "http://www.murata-ps.com/data/magnetics/kmp_78250.pdf"; VariantName = "[No Variations]"
Add component (AddParameter): Name = "For Use With/Related Products"; Value = "MAX250, MAX251"; VariantName = "[No Variations]"
Add component (AddParameter): Name = "Height - Seated (Max)"; Value = "0.260" (6.60mm)"; VariantName = "[No Variations]"
Add component (AddParameter): Name = "Manufacturer"; Value = "Murata Power Solutions Inc."; VariantName = "[No Variations]"
Add component (AddParameter): Name = "Manufacturer Part Number"; Value = "78250MC"; VariantName = "[No Variations]"
Add component (AddParameter): Name = "Mounting Type"; Value = "Surface Mount"; VariantName = "[No Variations]"
Add component (AddParameter): Name = "Part Status"; Value = "Active"; VariantName = "[No Variations]"
Add component (AddParameter): Name = "Pricing 1"; Value = "1=2.66, 5=2.64, 10=2.62, 25=2.59, 50=2.52, 100=2.41, 250=2.24, 500=2.1, 1000=2.0881 (USD)"; VariantName = "[No Variations]"
Add component (AddParameter): Name = "RoHS"; Value = "RoHS Compliant"; VariantName = "[No Variations]"
Add component (AddParameter): Name = "Size / Dimension"; Value = "0.354" L x 0.375" W (9.00mm x 9.52mm)"; VariantName = "[No Variations]"
Add component (AddParameter): Name = "Stock 1"; Value = "1545"; VariantName = "[No Variations]"
Add component (AddParameter): Name = "Supplier 1"; Value = "Digi-Key"; VariantName = "[No Variations]"
Add component (AddParameter): Name = "Supplier Part Number 1"; Value = "811-1276-5-ND"; VariantName = "[No Variations]"
Add component (AddParameter): Name = "Weight"; Value = "0.04 oz (1.14g)"; VariantName = "[No Variations]"
Added Pin To Net: NetName=NetT1_3 Pin=T1-3
Added Pin To Net: NetName=XFMR_TAP Pin=T1-4
Added Member To Class: ClassName=ZLS-028 Member=Component T1 78250MC
