Removed Pin From Net: NetName=OVB Pin=P2-5
Removed Member From Class: ClassName=ZLS-028 Member=*
Removed Member From Class: ClassName=ZLS-028 Member=P1
Removed Member From Class: ClassName=ZLS-028 Member=P2
Removed Member From Class: ClassName=ZLS-028 Member=P4
Removed Member From Class: ClassName=ZLS-028 Member=U5
Change component parameters: Designator = "P6"; Footprint = "STMM-105-01-G-D"; UniqueID = "\LMEVRFNA"
Change component parameters. Clean all parameters for all variants
Change component parameters (AddParameter): Name = "ComponentLink1Description"; Value = "https://webassistants.partcommunity.com/23d-libs/samtec/search/resolve.html?EMAIL=mysamtec@samtec.com&PN=HTSW-114-05-F-D"; VariantName = "[No Variations]"
Change component parameters (AddParameter): Name = "ComponentLink1URL"; Value = "https://webassistants.partcommunity.com/23d-libs/samtec/search/resolve.html?EMAIL=mysamtec@samtec.com&PN=HTSW-114-05-F-D"; VariantName = "[No Variations]"
Change component parameters (AddParameter): Name = "Manufacturer"; Value = "SAMTEC"; VariantName = "[No Variations]"
Change component parameters (AddParameter): Name = "Manufacturer Part Number"; Value = "STMM-105-01-G-D"; VariantName = "[No Variations]"
Change component parameters (AddParameter): Name = "Pricing 1"; Value = "1=4.7, 10=4.11, 100=3.48, 500=2.98, 1000=2.6, 5000=2.3, 10000=2.19 (USD)"; VariantName = "[No Variations]"
Change component parameters (AddParameter): Name = "Stock 1"; Value = "0"; VariantName = "[No Variations]"
Change component parameters (AddParameter): Name = "Supplier 1"; Value = "Newark"; VariantName = "[No Variations]"
Change component parameters (AddParameter): Name = "Supplier Part Number 1"; Value = "67P3933"; VariantName = "[No Variations]"
Added Component: Designator=D?(DO-35)
Add component. Clean all parameters for all variants
Add component (AddParameter): Name = "Code_JEDEC"; Value = "DO-204-AH"; VariantName = "[No Variations]"
Add component (AddParameter): Name = "ComponentLink1Description"; Value = "Manufacturer Link"; VariantName = "[No Variations]"
Add component (AddParameter): Name = "ComponentLink1URL"; Value = "http://www.fairchildsemi.com/"; VariantName = "[No Variations]"
Add component (AddParameter): Name = "ComponentLink2Description"; Value = "Datasheet"; VariantName = "[No Variations]"
Add component (AddParameter): Name = "ComponentLink2URL"; Value = "http://www.fairchildsemi.com/ds/1N%2F1N4148.pdf"; VariantName = "[No Variations]"
Add component (AddParameter): Name = "DatasheetVersion"; Value = "1997"; VariantName = "[No Variations]"
Add component (AddParameter): Name = "LatestRevisionDate"; Value = "17-Jul-2002"; VariantName = "[No Variations]"
Add component (AddParameter): Name = "LatestRevisionNote"; Value = "Re-released for DXP Platform."; VariantName = "[No Variations]"
Add component (AddParameter): Name = "PackageDescription"; Value = "Diode, Axial; Body 3.8 x 1.9 mm (LxDia. max), Lead Dia. 0.53 mm (max)"; VariantName = "[No Variations]"
Add component (AddParameter): Name = "PackageReference"; Value = "DO-35"; VariantName = "[No Variations]"
Add component (AddParameter): Name = "Published"; Value = "8-Jun-2000"; VariantName = "[No Variations]"
Add component (AddParameter): Name = "Publisher"; Value = "Altium Limited"; VariantName = "[No Variations]"
Added Component: Designator=P?(TECO-1-5747150-4_V)
Add component. Clean all parameters for all variants
Add component (AddParameter): Name = "3D Model"; Value = "1-5747150-4.pdf"; VariantName = "[No Variations]"
Add component (AddParameter): Name = "Catalog Drawings"; Value = "HD-20FrontMetalSide"; VariantName = "[No Variations]"
Add component (AddParameter): Name = "Category"; Value = "Connectors,Interconnects"; VariantName = "[No Variations]"
Add component (AddParameter): Name = "Color"; Value = "Black"; VariantName = "[No Variations]"
Add component (AddParameter): Name = "Connector Style"; Value = "D-Sub"; VariantName = "[No Variations]"
Add component (AddParameter): Name = "Connector Type"; Value = "Receptacle,FemaleSockets"; VariantName = "[No Variations]"
Add component (AddParameter): Name = "Contact Finish"; Value = "Gold"; VariantName = "[No Variations]"
Add component (AddParameter): Name = "Contact Finish Thickness"; Value = "30µin(0.76µm)"; VariantName = "[No Variations]"
Add component (AddParameter): Name = "Contact Type"; Value = "Signal"; VariantName = "[No Variations]"
Add component (AddParameter): Name = "Current Rating"; Value = "6A"; VariantName = "[No Variations]"
Add component (AddParameter): Name = "Datasheet URL"; Value = "http://www.produktinfo.conrad.com/datenblaetter/1200000-1299999/001281820-da-01-en-SUB_D_BUCHSENLEISTE_OHNE_SCHIRMFIEDERUNG.pdf"; VariantName = "[No Variations]"
Add component (AddParameter): Name = "Datasheet Version"; Value = "Rev. A1, 03/2011"; VariantName = "[No Variations]"
Add component (AddParameter): Name = "Dynamic Catalog"; Value = "AMPLIMITEHD-20Series"; VariantName = "[No Variations]"
Add component (AddParameter): Name = "Family"; Value = "D-SubConnectors"; VariantName = "[No Variations]"
Add component (AddParameter): Name = "Featured Product"; Value = "AMPLIMITED-SubminiatureConnectors"; VariantName = "[No Variations]"
Add component (AddParameter): Name = "Flange Feature"; Value = "MatingSide;FemaleScrewlock(4-40)"; VariantName = "[No Variations]"
Add component (AddParameter): Name = "Housing Material"; Value = "Polyester"; VariantName = "[No Variations]"
Add component (AddParameter): Name = "Manufacturer"; Value = "TE Connectivity"; VariantName = "[No Variations]"
Add component (AddParameter): Name = "Manufacturer URL"; Value = "http://www.te.com/"; VariantName = "[No Variations]"
Add component (AddParameter): Name = "Mating Products"; Value = "AML09B-ND
-CONND-SUBPLUG9POSGOLD"; VariantName = "[No Variations]"
Add component (AddParameter): Name = "Mounting Type"; Value = "ThroughHole"; VariantName = "[No Variations]"
Add component (AddParameter): Name = "Number of Positions"; Value = "9"; VariantName = "[No Variations]"
Add component (AddParameter): Name = "Number of Rows"; Value = "2"; VariantName = "[No Variations]"
Add component (AddParameter): Name = "Operating Temperature"; Value = "-55degC~105degC"; VariantName = "[No Variations]"
Add component (AddParameter): Name = "Other Names"; Value = "A32059"; VariantName = "[No Variations]"
Add component (AddParameter): Name = "Product Training Modules"; Value = "AMPLIMITED-SubConnectors"; VariantName = "[No Variations]"
Add component (AddParameter): Name = "RoHS Information"; Value = "1-5747150-4StatementofCompliance"; VariantName = "[No Variations]"
Add component (AddParameter): Name = "Series"; Value = "AMPLIMITEHD-20"; VariantName = "[No Variations]"
Add component (AddParameter): Name = "Shell Material, Finish"; Value = "Steel,TinPlated"; VariantName = "[No Variations]"
Add component (AddParameter): Name = "Shell Size, Connector Layout"; Value = "1(DE,E)"; VariantName = "[No Variations]"
Add component (AddParameter): Name = "Standard Package"; Value = "17"; VariantName = "[No Variations]"
Add component (AddParameter): Name = "Termination"; Value = "Solder"; VariantName = "[No Variations]"
Add component (AddParameter): Name = "Voltage Rating"; Value = "125V"; VariantName = "[No Variations]"
Added Component: Designator=T1(TRF_5)
Add component. Clean all parameters for all variants
Add component (AddParameter): Name = "Category"; Value = "Transformers"; VariantName = "[No Variations]"
Add component (AddParameter): Name = "ComponentLink1Description"; Value = "http://www.murata-ps.com/data/magnetics/kmp_78250.pdf"; VariantName = "[No Variations]"
Add component (AddParameter): Name = "ComponentLink1URL"; Value = "http://www.murata-ps.com/data/magnetics/kmp_78250.pdf"; VariantName = "[No Variations]"
Add component (AddParameter): Name = "For Use With/Related Products"; Value = "MAX250, MAX251"; VariantName = "[No Variations]"
Add component (AddParameter): Name = "Height - Seated (Max)"; Value = "0.260" (6.60mm)"; VariantName = "[No Variations]"
Add component (AddParameter): Name = "Manufacturer"; Value = "Murata Power Solutions Inc."; VariantName = "[No Variations]"
Add component (AddParameter): Name = "Manufacturer Part Number"; Value = "78250MC"; VariantName = "[No Variations]"
Add component (AddParameter): Name = "Mounting Type"; Value = "Surface Mount"; VariantName = "[No Variations]"
Add component (AddParameter): Name = "Part Status"; Value = "Active"; VariantName = "[No Variations]"
Add component (AddParameter): Name = "Pricing 1"; Value = "1=2.66, 5=2.64, 10=2.62, 25=2.59, 50=2.52, 100=2.41, 250=2.24, 500=2.1, 1000=2.0881 (USD)"; VariantName = "[No Variations]"
Add component (AddParameter): Name = "RoHS"; Value = "RoHS Compliant"; VariantName = "[No Variations]"
Add component (AddParameter): Name = "Size / Dimension"; Value = "0.354" L x 0.375" W (9.00mm x 9.52mm)"; VariantName = "[No Variations]"
Add component (AddParameter): Name = "Stock 1"; Value = "1545"; VariantName = "[No Variations]"
Add component (AddParameter): Name = "Supplier 1"; Value = "Digi-Key"; VariantName = "[No Variations]"
Add component (AddParameter): Name = "Supplier Part Number 1"; Value = "811-1276-5-ND"; VariantName = "[No Variations]"
Add component (AddParameter): Name = "Weight"; Value = "0.04 oz (1.14g)"; VariantName = "[No Variations]"
Added Component: Designator=U6(MAX250ESD+)
Add component. Clean all parameters for all variants
Add component (AddParameter): Name = "Category"; Value = "Integrated Circuits (ICs)"; VariantName = "[No Variations]"
Add component (AddParameter): Name = "ComponentLink1Description"; Value = "http://datasheets.maximintegrated.com/en/ds/MAX250-MAX251.pdf"; VariantName = "[No Variations]"
Add component (AddParameter): Name = "ComponentLink1URL"; Value = "http://datasheets.maximintegrated.com/en/ds/MAX250-MAX251.pdf"; VariantName = "[No Variations]"
Add component (AddParameter): Name = "Data Rate"; Value = "-"; VariantName = "[No Variations]"
Add component (AddParameter): Name = "Duplex"; Value = "Full"; VariantName = "[No Variations]"
Add component (AddParameter): Name = "Manufacturer"; Value = "Maxim Integrated"; VariantName = "[No Variations]"
Add component (AddParameter): Name = "Manufacturer Part Number"; Value = "MAX250ESD+"; VariantName = "[No Variations]"
Add component (AddParameter): Name = "Mounting Type"; Value = "Surface Mount"; VariantName = "[No Variations]"
Add component (AddParameter): Name = "Number of Drivers/Receivers"; Value = "2/2"; VariantName = "[No Variations]"
Add component (AddParameter): Name = "Operating Temperature"; Value = "-40°C ~ 85°C"; VariantName = "[No Variations]"
Add component (AddParameter): Name = "Package / Case"; Value = "14-SOIC (0.154", 3.90mm Width)"; VariantName = "[No Variations]"
Add component (AddParameter): Name = "Packaging"; Value = "Tube"; VariantName = "[No Variations]"
Add component (AddParameter): Name = "Part Status"; Value = "Active"; VariantName = "[No Variations]"
Add component (AddParameter): Name = "Pricing 1"; Value = "1=7.66, 10=7.277, 25=6.79, 50=6.6714 (USD)"; VariantName = "[No Variations]"
Add component (AddParameter): Name = "Protocol"; Value = "RS232"; VariantName = "[No Variations]"
Add component (AddParameter): Name = "RoHS"; Value = "RoHS Compliant"; VariantName = "[No Variations]"
Add component (AddParameter): Name = "Stock 1"; Value = "89"; VariantName = "[No Variations]"
Add component (AddParameter): Name = "Supplier 1"; Value = "Digi-Key"; VariantName = "[No Variations]"
Add component (AddParameter): Name = "Supplier Device Package"; Value = "14-SOIC"; VariantName = "[No Variations]"
Add component (AddParameter): Name = "Supplier Part Number 1"; Value = "MAX250ESD+-ND"; VariantName = "[No Variations]"
Add component (AddParameter): Name = "Type"; Value = "Transceiver"; VariantName = "[No Variations]"
Add component (AddParameter): Name = "Voltage - Supply"; Value = "4.5 V ~ 5.5 V"; VariantName = "[No Variations]"
Added Component: Designator=U7(MAX250ESD+)
Add component. Clean all parameters for all variants
Add component (AddParameter): Name = "Category"; Value = "Integrated Circuits (ICs)"; VariantName = "[No Variations]"
Add component (AddParameter): Name = "ComponentLink1Description"; Value = "http://datasheets.maximintegrated.com/en/ds/MAX250-MAX251.pdf"; VariantName = "[No Variations]"
Add component (AddParameter): Name = "ComponentLink1URL"; Value = "http://datasheets.maximintegrated.com/en/ds/MAX250-MAX251.pdf"; VariantName = "[No Variations]"
Add component (AddParameter): Name = "Data Rate"; Value = "-"; VariantName = "[No Variations]"
Add component (AddParameter): Name = "Duplex"; Value = "Full"; VariantName = "[No Variations]"
Add component (AddParameter): Name = "Manufacturer"; Value = "Maxim Integrated"; VariantName = "[No Variations]"
Add component (AddParameter): Name = "Manufacturer Part Number"; Value = "MAX251ESD+"; VariantName = "[No Variations]"
Add component (AddParameter): Name = "Mounting Type"; Value = "Surface Mount"; VariantName = "[No Variations]"
Add component (AddParameter): Name = "Number of Drivers/Receivers"; Value = "2/2"; VariantName = "[No Variations]"
Add component (AddParameter): Name = "Operating Temperature"; Value = "-40°C ~ 85°C"; VariantName = "[No Variations]"
Add component (AddParameter): Name = "Package / Case"; Value = "14-SOIC (0.154", 3.90mm Width)"; VariantName = "[No Variations]"
Add component (AddParameter): Name = "Packaging"; Value = "Tube"; VariantName = "[No Variations]"
Add component (AddParameter): Name = "Part Status"; Value = "Active"; VariantName = "[No Variations]"
Add component (AddParameter): Name = "Pricing 1"; Value = "1=7.66, 10=7.277, 25=6.79, 50=6.6714 (USD)"; VariantName = "[No Variations]"
Add component (AddParameter): Name = "Protocol"; Value = "RS232"; VariantName = "[No Variations]"
Add component (AddParameter): Name = "RoHS"; Value = "RoHS Compliant"; VariantName = "[No Variations]"
Add component (AddParameter): Name = "Stock 1"; Value = "70"; VariantName = "[No Variations]"
Add component (AddParameter): Name = "Supplier 1"; Value = "Digi-Key"; VariantName = "[No Variations]"
Add component (AddParameter): Name = "Supplier Device Package"; Value = "14-SOIC"; VariantName = "[No Variations]"
Add component (AddParameter): Name = "Supplier Part Number 1"; Value = "MAX251ESD+-ND"; VariantName = "[No Variations]"
Add component (AddParameter): Name = "Type"; Value = "Transceiver"; VariantName = "[No Variations]"
Add component (AddParameter): Name = "Voltage - Supply"; Value = "4.5 V ~ 5.5 V"; VariantName = "[No Variations]"
Added Pin To Net: NetName=OVA Pin=P6-5
Added Pin To Net: NetName=OVB Pin=P?-5
Added Pin To Net: NetName=OVA Pin=U5-10
Added Pin To Net: NetName=OVA Pin=U5-13
Added Pin To Net: NetName=OVA Pin=U5-15
Added Pin To Net: NetName=OVA Pin=U6-1
Added Pin To Net: NetName=OVA Pin=U6-7
Added Pin To Net: NetName=OVA Pin=U6-8
Added Pin To Net: NetName=NetD?_1 Pin=D?-1
Added Pin To Net: NetName=NetD?_1 Pin=U7-13
Added Net: Name=NetD?_1
Added Pin To Net: NetName=NetD?_2 Pin=D?-2
Added Pin To Net: NetName=NetD?_2 Pin=U7-1
Added Net: Name=NetD?_2
Added Pin To Net: NetName=NetLabel142 Pin=P6-1
Added Net: Name=NetLabel142
Added Pin To Net: NetName=NetLabel148 Pin=P6-4
Added Net: Name=NetLabel148
Added Pin To Net: NetName=NetLabel149 Pin=P6-6
Added Net: Name=NetLabel149
Added Pin To Net: NetName=NetLabel150 Pin=P6-8
Added Net: Name=NetLabel150
Added Pin To Net: NetName=NetLabel151 Pin=P6-10
Added Net: Name=NetLabel151
Added Pin To Net: NetName=NetP6_2 Pin=P6-2
Added Pin To Net: NetName=NetP6_2 Pin=U5-14
Added Net: Name=NetP6_2
Added Pin To Net: NetName=NetP6_3 Pin=P6-3
Added Pin To Net: NetName=NetP6_3 Pin=U5-8
Added Net: Name=NetP6_3
Added Pin To Net: NetName=NetT1_3 Pin=T1-3
Added Pin To Net: NetName=NetT1_3 Pin=U6-13
Added Net: Name=NetT1_3
Added Pin To Net: NetName=R2OUT Pin=U5-9
Added Pin To Net: NetName=R2OUT Pin=U6-5
Added Net: Name=R2OUT
Added Pin To Net: NetName=T1IN Pin=U5-11
Added Pin To Net: NetName=T1IN Pin=U6-9
Added Net: Name=T1IN
Added Pin To Net: NetName=VCC Pin=T1-5
Added Pin To Net: NetName=VCC Pin=U6-14
Added Net: Name=VCC
Added Pin To Net: NetName=XFMR_TAP Pin=T1-4
Added Pin To Net: NetName=XFMR_TAP Pin=U6-2
Added Net: Name=XFMR_TAP
Change Class Name : Old Net Name=ZLS-028 New Net Name=Connectors
Added Class: Name=ZLS-028
Added Member To Class: ClassName=Connectors Member=Component P? 1-5747150-4
